<?xml version="1.0" encoding="UTF-8"?>
<!-- Generated by org.testng.reporters.JUnitXMLReporter -->
<testsuite ignored="3" hostname="Lenovo-PC" failures="0" tests="2" name="Test" time="0.222" errors="0" timestamp="2023-06-14T16:58:41 IST">
  <testcase classname="Groups.TestingGroups" name="test1" time="0.026"/>
  <testcase classname="Groups.TestingGroups" name="test2" time="0.008"/>
  <testcase classname="Groups.TestingGroups" name="test4" time="0.0">
    <ignored/>
  </testcase> <!-- test4 -->
  <testcase classname="Groups.TestingGroups" name="test5" time="0.0">
    <ignored/>
  </testcase> <!-- test5 -->
  <testcase classname="Groups.TestingGroups" name="test3" time="0.0">
    <ignored/>
  </testcase> <!-- test3 -->
</testsuite> <!-- Test -->
