<?xml version="1.0" encoding="UTF-8"?>
<!-- Generated by org.testng.reporters.JUnitXMLReporter -->
<testsuite ignored="0" hostname="Lenovo-PC" failures="0" tests="3" name="parameterstest" time="14.153" errors="0" timestamp="2023-06-13T16:13:21 IST">
  <testcase classname="parallelTesting.ParameterSample" name="findPageTitle" time="0.018"/>
  <testcase classname="parallelTesting.ParameterSample" name="findLogo" time="0.161"/>
  <testcase classname="parallelTesting.ParameterSample" name="homePageLogin" time="1.611"/>
</testsuite> <!-- parameterstest -->
