<?xml version="1.0" encoding="UTF-8"?>
<!-- Generated by org.testng.reporters.JUnitXMLReporter -->
<testsuite ignored="0" hostname="Lenovo-PC" failures="0" tests="3" name="parametertest" time="15.836" errors="0" timestamp="2023-06-13T16:21:06 IST">
  <testcase classname="parallelTesting.ParameterSample" name="findPageTitle" time="0.036"/>
  <testcase classname="parallelTesting.ParameterSample" name="findLogo" time="0.146"/>
  <testcase classname="parallelTesting.ParameterSample" name="homePageLogin" time="1.43"/>
</testsuite> <!-- parametertest -->
